# JRE version: OpenJDK Runtime Environment (11.0.10) (build 11.0.10+0-b96-7249189)
# Java VM: OpenJDK 64-Bit Server VM (11.0.10+0-b96-7249189, mixed mode, tiered, compressed oops, g1 gc, windows-amd64)
Heap:
 garbage-first heap   total 260096K, used 134082K [0x0000000080000000, 0x0000000100000000)
  region size 1024K, 11 young (11264K), 5 survivors (5120K)
 Metaspace       used 133017K, capacity 137490K, committed 139272K, reserved 1169408K
  class space    used 16479K, capacity 18098K, committed 18984K, reserved 1048576K
GC Heap History (20 events):
Event: 1020.375 GC heap before
{Heap before GC invocations=75 (full 0):
 garbage-first heap   total 260096K, used 233630K [0x0000000080000000, 0x0000000100000000)
  region size 1024K, 82 young (83968K), 3 survivors (3072K)
 Metaspace       used 132582K, capacity 136959K, committed 138760K, reserved 1169408K
  class space    used 16478K, capacity 18098K, committed 18984K, reserved 1048576K
}
Event: 1020.379 GC heap after
{Heap after GC invocations=76 (full 0):
 garbage-first heap   total 260096K, used 132864K [0x0000000080000000, 0x0000000100000000)
  region size 1024K, 7 young (7168K), 7 survivors (7168K)
 Metaspace       used 132582K, capacity 136959K, committed 138760K, reserved 1169408K
  class space    used 16478K, capacity 18098K, committed 18984K, reserved 1048576K
}
Event: 1020.384 GC heap before
{Heap before GC invocations=76 (full 0):
 garbage-first heap   total 260096K, used 137984K [0x0000000080000000, 0x0000000100000000)
  region size 1024K, 12 young (12288K), 7 survivors (7168K)
 Metaspace       used 132582K, capacity 136959K, committed 138760K, reserved 1169408K
  class space    used 16478K, capacity 18098K, committed 18984K, reserved 1048576K
}
Event: 1020.391 GC heap after
{Heap after GC invocations=77 (full 0):
 garbage-first heap   total 260096K, used 129938K [0x0000000080000000, 0x0000000100000000)
  region size 1024K, 2 young (2048K), 2 survivors (2048K)
 Metaspace       used 132582K, capacity 136959K, committed 138760K, reserved 1169408K
  class space    used 16478K, capacity 18098K, committed 18984K, reserved 1048576K
}
Event: 1020.511 GC heap before
{Heap before GC invocations=77 (full 0):
 garbage-first heap   total 260096K, used 161682K [0x0000000080000000, 0x0000000100000000)
  region size 1024K, 35 young (35840K), 2 survivors (2048K)
 Metaspace       used 132617K, capacity 136960K, committed 138760K, reserved 1169408K
  class space    used 16478K, capacity 18098K, committed 18984K, reserved 1048576K
}
Event: 1020.515 GC heap after
{Heap after GC invocations=78 (full 0):
 garbage-first heap   total 260096K, used 132186K [0x0000000080000000, 0x0000000100000000)
  region size 1024K, 5 young (5120K), 5 survivors (5120K)
 Metaspace       used 132617K, capacity 136960K, committed 138760K, reserved 1169408K
  class space    used 16478K, capacity 18098K, committed 18984K, reserved 1048576K
}
Event: 1091.787 GC heap before
{Heap before GC invocations=79 (full 0):
 garbage-first heap   total 260096K, used 204890K [0x0000000080000000, 0x0000000100000000)
  region size 1024K, 68 young (69632K), 5 survivors (5120K)
 Metaspace       used 132832K, capacity 137293K, committed 139016K, reserved 1169408K
  class space    used 16478K, capacity 18098K, committed 18984K, reserved 1048576K
}
Event: 1091.789 GC heap after
{Heap after GC invocations=80 (full 0):
 garbage-first heap   total 260096K, used 132938K [0x0000000080000000, 0x0000000100000000)
  region size 1024K, 3 young (3072K), 3 survivors (3072K)
 Metaspace       used 132832K, capacity 137293K, committed 139016K, reserved 1169408K
  class space    used 16478K, capacity 18098K, committed 18984K, reserved 1048576K
}
Event: 1091.827 GC heap before
{Heap before GC invocations=80 (full 0):
 garbage-first heap   total 260096K, used 141130K [0x0000000080000000, 0x0000000100000000)
  region size 1024K, 12 young (12288K), 3 survivors (3072K)
 Metaspace       used 132834K, capacity 137293K, committed 139016K, reserved 1169408K
  class space    used 16478K, capacity 18098K, committed 18984K, reserved 1048576K
}
Event: 1091.829 GC heap after
{Heap after GC invocations=81 (full 0):
 garbage-first heap   total 260096K, used 124396K [0x0000000080000000, 0x0000000100000000)
  region size 1024K, 1 young (1024K), 1 survivors (1024K)
 Metaspace       used 132834K, capacity 137293K, committed 139016K, reserved 1169408K
  class space    used 16478K, capacity 18098K, committed 18984K, reserved 1048576K
}
Event: 1091.949 GC heap before
{Heap before GC invocations=81 (full 0):
 garbage-first heap   total 260096K, used 144876K [0x0000000080000000, 0x0000000100000000)
  region size 1024K, 22 young (22528K), 1 survivors (1024K)
 Metaspace       used 132899K, capacity 137294K, committed 139016K, reserved 1169408K
  class space    used 16479K, capacity 18098K, committed 18984K, reserved 1048576K
}
Event: 1091.959 GC heap after
{Heap after GC invocations=82 (full 0):
 garbage-first heap   total 260096K, used 126951K [0x0000000080000000, 0x0000000100000000)
  region size 1024K, 4 young (4096K), 4 survivors (4096K)
 Metaspace       used 132899K, capacity 137294K, committed 139016K, reserved 1169408K
  class space    used 16479K, capacity 18098K, committed 18984K, reserved 1048576K
}
Event: 1093.002 GC heap before
{Heap before GC invocations=83 (full 0):
 garbage-first heap   total 260096K, used 204775K [0x0000000080000000, 0x0000000100000000)
  region size 1024K, 64 young (65536K), 4 survivors (4096K)
 Metaspace       used 132917K, capacity 137358K, committed 139016K, reserved 1169408K
  class space    used 16479K, capacity 18098K, committed 18984K, reserved 1048576K
}
Event: 1093.006 GC heap after
{Heap after GC invocations=84 (full 0):
 garbage-first heap   total 260096K, used 131991K [0x0000000080000000, 0x0000000100000000)
  region size 1024K, 8 young (8192K), 8 survivors (8192K)
 Metaspace       used 132917K, capacity 137358K, committed 139016K, reserved 1169408K
  class space    used 16479K, capacity 18098K, committed 18984K, reserved 1048576K
}
Event: 1093.009 GC heap before
{Heap before GC invocations=84 (full 0):
 garbage-first heap   total 260096K, used 135063K [0x0000000080000000, 0x0000000100000000)
  region size 1024K, 12 young (12288K), 8 survivors (8192K)
 Metaspace       used 132917K, capacity 137358K, committed 139016K, reserved 1169408K
  class space    used 16479K, capacity 18098K, committed 18984K, reserved 1048576K
}
Event: 1093.015 GC heap after
{Heap after GC invocations=85 (full 0):
 garbage-first heap   total 260096K, used 126029K [0x0000000080000000, 0x0000000100000000)
  region size 1024K, 2 young (2048K), 2 survivors (2048K)
 Metaspace       used 132917K, capacity 137358K, committed 139016K, reserved 1169408K
  class space    used 16479K, capacity 18098K, committed 18984K, reserved 1048576K
}
Event: 1093.153 GC heap before
{Heap before GC invocations=85 (full 0):
 garbage-first heap   total 260096K, used 155725K [0x0000000080000000, 0x0000000100000000)
  region size 1024K, 33 young (33792K), 2 survivors (2048K)
 Metaspace       used 132929K, capacity 137422K, committed 139016K, reserved 1169408K
  class space    used 16479K, capacity 18098K, committed 18984K, reserved 1048576K
}
Event: 1093.156 GC heap after
{Heap after GC invocations=86 (full 0):
 garbage-first heap   total 260096K, used 125779K [0x0000000080000000, 0x0000000100000000)
  region size 1024K, 1 young (1024K), 1 survivors (1024K)
 Metaspace       used 132929K, capacity 137422K, committed 139016K, reserved 1169408K
  class space    used 16479K, capacity 18098K, committed 18984K, reserved 1048576K
}
Event: 1148.153 GC heap before
{Heap before GC invocations=87 (full 0):
 garbage-first heap   total 260096K, used 219987K [0x0000000080000000, 0x0000000100000000)
  region size 1024K, 70 young (71680K), 1 survivors (1024K)
 Metaspace       used 133016K, capacity 137490K, committed 139272K, reserved 1169408K
  class space    used 16479K, capacity 18098K, committed 18984K, reserved 1048576K
}
Event: 1148.158 GC heap after
{Heap after GC invocations=88 (full 0):
 garbage-first heap   total 260096K, used 129986K [0x0000000080000000, 0x0000000100000000)
  region size 1024K, 5 young (5120K), 5 survivors (5120K)
 Metaspace       used 133016K, capacity 137490K, committed 139272K, reserved 1169408K
  class space    used 16479K, capacity 18098K, committed 18984K, reserved 1048576K
}

